# JRE version: OpenJDK Runtime Environment Microsoft-10376803 (21.0.5+11) (build 21.0.5+11-LTS)
# Java VM: OpenJDK 64-Bit Server VM Microsoft-10376803 (21.0.5+11-LTS, mixed mode, sharing, tiered, compressed oops, compressed class ptrs, g1 gc, bsd-aarch64)
Heap:
 garbage-first heap   total 598016K, used 266895K [0x00000005c0000000, 0x0000000800000000)
  region size 8192K, 5 young (40960K), 1 survivors (8192K)
 Metaspace       used 9375K, committed 9600K, reserved 1114112K
  class space    used 943K, committed 1024K, reserved 1048576K
GC Heap History (12 events):
Event: 0.889 GC heap before
{Heap before GC invocations=0 (full 0):
 garbage-first heap   total 598016K, used 91167K [0x00000005c0000000, 0x0000000800000000)
  region size 8192K, 3 young (24576K), 0 survivors (0K)
 Metaspace       used 8286K, committed 8576K, reserved 1114112K
  class space    used 903K, committed 1024K, reserved 1048576K
}
Event: 0.891 GC heap after
{Heap after GC invocations=1 (full 0):
 garbage-first heap   total 598016K, used 88343K [0x00000005c0000000, 0x0000000800000000)
  region size 8192K, 1 young (8192K), 1 survivors (8192K)
 Metaspace       used 8286K, committed 8576K, reserved 1114112K
  class space    used 903K, committed 1024K, reserved 1048576K
}
Event: 0.938 GC heap before
{Heap before GC invocations=1 (full 0):
 garbage-first heap   total 598016K, used 96535K [0x00000005c0000000, 0x0000000800000000)
  region size 8192K, 3 young (24576K), 1 survivors (8192K)
 Metaspace       used 8291K, committed 8576K, reserved 1114112K
  class space    used 903K, committed 1024K, reserved 1048576K
}
Event: 0.940 GC heap after
{Heap after GC invocations=2 (full 0):
 garbage-first heap   total 598016K, used 90310K [0x00000005c0000000, 0x0000000800000000)
  region size 8192K, 1 young (8192K), 1 survivors (8192K)
 Metaspace       used 8291K, committed 8576K, reserved 1114112K
  class space    used 903K, committed 1024K, reserved 1048576K
}
Event: 217.226 GC heap before
{Heap before GC invocations=2 (full 0):
 garbage-first heap   total 598016K, used 344262K [0x00000005c0000000, 0x0000000800000000)
  region size 8192K, 14 young (114688K), 1 survivors (8192K)
 Metaspace       used 9367K, committed 9600K, reserved 1114112K
  class space    used 943K, committed 1024K, reserved 1048576K
}
Event: 217.226 GC heap after
{Heap after GC invocations=3 (full 0):
 garbage-first heap   total 598016K, used 238225K [0x00000005c0000000, 0x0000000800000000)
  region size 8192K, 1 young (8192K), 1 survivors (8192K)
 Metaspace       used 9367K, committed 9600K, reserved 1114112K
  class space    used 943K, committed 1024K, reserved 1048576K
}
Event: 1491.565 GC heap before
{Heap before GC invocations=3 (full 0):
 garbage-first heap   total 598016K, used 533137K [0x00000005c0000000, 0x0000000800000000)
  region size 8192K, 37 young (303104K), 1 survivors (8192K)
 Metaspace       used 9375K, committed 9600K, reserved 1114112K
  class space    used 943K, committed 1024K, reserved 1048576K
}
Event: 1491.566 GC heap after
{Heap after GC invocations=4 (full 0):
 garbage-first heap   total 598016K, used 238446K [0x00000005c0000000, 0x0000000800000000)
  region size 8192K, 1 young (8192K), 1 survivors (8192K)
 Metaspace       used 9375K, committed 9600K, reserved 1114112K
  class space    used 943K, committed 1024K, reserved 1048576K
}
Event: 2760.706 GC heap before
{Heap before GC invocations=4 (full 0):
 garbage-first heap   total 598016K, used 533358K [0x00000005c0000000, 0x0000000800000000)
  region size 8192K, 37 young (303104K), 1 survivors (8192K)
 Metaspace       used 9375K, committed 9600K, reserved 1114112K
  class space    used 943K, committed 1024K, reserved 1048576K
}
Event: 2760.706 GC heap after
{Heap after GC invocations=5 (full 0):
 garbage-first heap   total 598016K, used 238371K [0x00000005c0000000, 0x0000000800000000)
  region size 8192K, 1 young (8192K), 1 survivors (8192K)
 Metaspace       used 9375K, committed 9600K, reserved 1114112K
  class space    used 943K, committed 1024K, reserved 1048576K
}
Event: 4056.680 GC heap before
{Heap before GC invocations=5 (full 0):
 garbage-first heap   total 598016K, used 533283K [0x00000005c0000000, 0x0000000800000000)
  region size 8192K, 37 young (303104K), 1 survivors (8192K)
 Metaspace       used 9375K, committed 9600K, reserved 1114112K
  class space    used 943K, committed 1024K, reserved 1048576K
}
Event: 4056.680 GC heap after
{Heap after GC invocations=6 (full 0):
 garbage-first heap   total 598016K, used 238223K [0x00000005c0000000, 0x0000000800000000)
  region size 8192K, 1 young (8192K), 1 survivors (8192K)
 Metaspace       used 9375K, committed 9600K, reserved 1114112K
  class space    used 943K, committed 1024K, reserved 1048576K
}

